<?xml version="1.0" encoding="UTF-8"?>
<testsuite xmlns:xsi="http://www.w3.org/2001/XMLSchema-instance" xsi:noNamespaceSchemaLocation="https://maven.apache.org/surefire/maven-surefire-plugin/xsd/surefire-test-report.xsd" name="org.pr2.matematicas.MatematicasTest" time="0.047" tests="3" errors="0" skipped="0" failures="0">
  <properties>
[...]
</properties>
  <testcase name="sumaCero" classname="org.pr2.matematicas.MatematicasTest" time="0"/>
  <testcase name="sumaPositivo" classname="org.pr2.matematicas.MatematicasTest" time="0"/>
  <testcase name="sumaNegativo" classname="org.pr2.matematicas.MatematicasTest" time="0"/>
</testsuite>